<?xml version="1.0" encoding="UTF-8"?>
<!-- Generated by org.testng.reporters.JUnitXMLReporter -->
<testsuite ignored="0" hostname="Lovy-PC" failures="1" tests="2" name="Test" time="50.801" errors="0" timestamp="2023-03-19T01:04:21 EDT">
  <testcase classname="testCase.TC_001_AccountRegistration" name="test_account_registration" time="6.082"/>
  <testcase classname="testCase.TC_002_LoginTest" name="Test_login" time="13.554">
    <failure type="java.lang.AssertionError" message="Invalid data provided expected [true] but found [false]">
      <![CDATA[java.lang.AssertionError: Invalid data provided expected [true] but found [false]
at testCase.TC_002_LoginTest.Test_login(TC_002_LoginTest.java:31)
at java.base/java.util.ArrayList.forEach(ArrayList.java:1541)
... Removed 33 stack frames]]>
    </failure>
  </testcase> <!-- Test_login -->
</testsuite> <!-- Test -->
