<?xml version="1.0" encoding="UTF-8"?>
<testng-results ignored="0" total="1" passed="1" failed="0" skipped="0">
  <reporter-output>
  </reporter-output>
  <suite started-at="2023-03-19T01:05:49 EDT" name="Failed suite [Suite]" finished-at="2023-03-19T01:06:12 EDT" duration-ms="22754">
    <groups>
    </groups>
    <test started-at="2023-03-19T01:05:49 EDT" name="Test(failed)" finished-at="2023-03-19T01:06:12 EDT" duration-ms="22754">
      <class name="testCase.TC_002_LoginTest">
        <test-method is-config="true" signature="Setup(java.lang.String)[pri:0, instance:testCase.TC_002_LoginTest@7d9d0818]" started-at="2023-03-19T01:05:50 EDT" name="Setup" finished-at="2023-03-19T01:06:03 EDT" duration-ms="13711" status="PASS">
          <params>
            <param index="0">
              <value>
                <![CDATA[edge]]>
              </value>
            </param>
          </params>
          <reporter-output>
          </reporter-output>
        </test-method> <!-- Setup -->
        <test-method signature="Test_login()[pri:0, instance:testCase.TC_002_LoginTest@7d9d0818]" started-at="2023-03-19T01:06:03 EDT" name="Test_login" finished-at="2023-03-19T01:06:08 EDT" duration-ms="5182" status="PASS">
          <reporter-output>
          </reporter-output>
        </test-method> <!-- Test_login -->
        <test-method is-config="true" signature="tearDown()[pri:0, instance:testCase.TC_002_LoginTest@7d9d0818]" started-at="2023-03-19T01:06:08 EDT" name="tearDown" finished-at="2023-03-19T01:06:12 EDT" duration-ms="3106" status="PASS">
          <reporter-output>
          </reporter-output>
        </test-method> <!-- tearDown -->
      </class> <!-- testCase.TC_002_LoginTest -->
    </test> <!-- Test(failed) -->
  </suite> <!-- Failed suite [Suite] -->
</testng-results>
